<?xml version="1.0" encoding="UTF-8"?>
<!-- Generated by org.testng.reporters.JUnitReportReporter -->
<testsuite hostname="LAPTOP-4V52DMIG" failures="0" tests="5" name="features.TestRunner" time="32.065" errors="0" timestamp="2020-08-19T15:13:53 IST" skipped="0">
  <testcase classname="features.TestRunner" name="runScenario" time="9.695"/>
  <system-out/>
  <testcase classname="features.TestRunner" name="runScenario" time="13.398"/>
  <system-out/>
  <testcase classname="features.TestRunner" name="runScenario" time="0.008"/>
  <system-out/>
  <testcase classname="features.TestRunner" name="runScenario" time="8.764"/>
  <system-out/>
  <testcase classname="features.TestRunner" name="runScenario" time="0.200"/>
  <system-out/>
</testsuite> <!-- features.TestRunner -->
