<?xml version="1.0" encoding="UTF-8"?>
<!-- Generated by org.testng.reporters.JUnitReportReporter -->
<testsuite hostname="LAPTOP-4V52DMIG" failures="0" tests="5" name="features.TestRunner" time="39.710" errors="0" timestamp="2020-08-19T15:32:39 IST" skipped="0">
  <testcase classname="features.TestRunner" name="runScenario" time="10.987"/>
  <system-out/>
  <testcase classname="features.TestRunner" name="runScenario" time="12.172"/>
  <system-out/>
  <testcase classname="features.TestRunner" name="runScenario" time="0.006"/>
  <system-out/>
  <testcase classname="features.TestRunner" name="runScenario" time="16.318"/>
  <system-out/>
  <testcase classname="features.TestRunner" name="runScenario" time="0.227"/>
  <system-out/>
</testsuite> <!-- features.TestRunner -->
